10:55:21 INFO  : Registering command handlers for SDK TCF services
10:55:22 INFO  : Launching XSCT server: xsct.bat -interactive E:\code\ps7\ps920106840429\ps920106840429.sdk\temp_xsdb_launch_script.tcl
10:55:24 INFO  : XSCT server has started successfully.
10:55:24 INFO  : Successfully done setting XSCT server connection channel  
10:55:24 INFO  : Successfully done setting SDK workspace  
10:55:24 INFO  : Processing command line option -hwspec E:/code/ps7/ps920106840429/ps920106840429.sdk/design_920106840429_wrapper.hdf.
10:58:54 INFO  : Connected to target on host '127.0.0.1' and port '3121'.
10:58:58 INFO  : 'targets -set -filter {jtag_cable_name =~ "Digilent Zed 210248773543" && level==0} -index 1' command is executed.
10:59:00 INFO  : FPGA configured successfully with bitstream "E:/code/ps7/ps920106840429/ps920106840429.sdk/design_920106840429_wrapper_hw_platform_0/design_920106840429_wrapper.bit"
10:59:28 INFO  : 'targets -set -filter {jtag_cable_name =~ "Digilent Zed 210248773543" && level==0} -index 1' command is executed.
10:59:28 INFO  : 'fpga -state' command is executed.
10:59:28 INFO  : Connected to target on host '127.0.0.1' and port '3121'.
10:59:47 INFO  : Jtag cable 'Digilent Zed 210248773543' is selected.
10:59:47 INFO  : 'jtag frequency' command is executed.
10:59:47 INFO  : Sourcing of 'E:/code/ps7/ps920106840429/ps920106840429.sdk/design_920106840429_wrapper_hw_platform_0/ps7_init.tcl' is done.
10:59:47 INFO  : Context for 'APU' is selected.
10:59:47 INFO  : Hardware design information is loaded from 'E:/code/ps7/ps920106840429/ps920106840429.sdk/design_920106840429_wrapper_hw_platform_0/system.hdf'.
10:59:47 INFO  : 'configparams force-mem-access 1' command is executed.
10:59:47 INFO  : Context for 'APU' is selected.
10:59:47 INFO  : 'stop' command is executed.
10:59:47 INFO  : 'ps7_init' command is executed.
10:59:47 INFO  : 'ps7_post_config' command is executed.
10:59:47 INFO  : Context for processor 'ps7_cortexa9_0' is selected.
10:59:48 INFO  : Processor reset is completed for 'ps7_cortexa9_0'.
10:59:48 INFO  : Context for processor 'ps7_cortexa9_0' is selected.
10:59:48 INFO  : The application 'E:/code/ps7/ps920106840429/ps920106840429.sdk/ps920106840429/Debug/ps920106840429.elf' is downloaded to processor 'ps7_cortexa9_0'.
10:59:48 INFO  : 'configparams force-mem-access 0' command is executed.
10:59:48 INFO  : ----------------XSDB Script----------------
connect -url tcp:127.0.0.1:3121
source E:/code/ps7/ps920106840429/ps920106840429.sdk/design_920106840429_wrapper_hw_platform_0/ps7_init.tcl
targets -set -nocase -filter {name =~"APU*" && jtag_cable_name =~ "Digilent Zed 210248773543"} -index 0
loadhw -hw E:/code/ps7/ps920106840429/ps920106840429.sdk/design_920106840429_wrapper_hw_platform_0/system.hdf -mem-ranges [list {0x40000000 0xbfffffff}]
configparams force-mem-access 1
targets -set -nocase -filter {name =~"APU*" && jtag_cable_name =~ "Digilent Zed 210248773543"} -index 0
stop
ps7_init
ps7_post_config
targets -set -nocase -filter {name =~ "ARM*#0" && jtag_cable_name =~ "Digilent Zed 210248773543"} -index 0
rst -processor
targets -set -nocase -filter {name =~ "ARM*#0" && jtag_cable_name =~ "Digilent Zed 210248773543"} -index 0
dow E:/code/ps7/ps920106840429/ps920106840429.sdk/ps920106840429/Debug/ps920106840429.elf
configparams force-mem-access 0
----------------End of Script----------------

10:59:48 INFO  : Memory regions updated for context APU
10:59:48 INFO  : Context for processor 'ps7_cortexa9_0' is selected.
10:59:48 INFO  : 'con' command is executed.
10:59:48 INFO  : ----------------XSDB Script (After Launch)----------------
targets -set -nocase -filter {name =~ "ARM*#0" && jtag_cable_name =~ "Digilent Zed 210248773543"} -index 0
con
----------------End of Script----------------

10:59:48 INFO  : Launch script is exported to file 'E:\code\ps7\ps920106840429\ps920106840429.sdk\.sdk\launch_scripts\xilinx_c-c++_application_(system_debugger)\system_debugger_using_debug_ps920106840429.elf_on_local.tcl'
11:00:28 INFO  : Disconnected from the channel tcfchan#1.
11:00:32 INFO  : 'targets -set -filter {jtag_cable_name =~ "Digilent Zed 210248773543" && level==0} -index 1' command is executed.
11:00:32 INFO  : 'fpga -state' command is executed.
11:00:32 INFO  : Connected to target on host '127.0.0.1' and port '3121'.
11:00:51 INFO  : Jtag cable 'Digilent Zed 210248773543' is selected.
11:00:51 INFO  : 'jtag frequency' command is executed.
11:00:51 INFO  : Sourcing of 'E:/code/ps7/ps920106840429/ps920106840429.sdk/design_920106840429_wrapper_hw_platform_0/ps7_init.tcl' is done.
11:00:51 INFO  : Context for 'APU' is selected.
11:00:52 INFO  : Hardware design information is loaded from 'E:/code/ps7/ps920106840429/ps920106840429.sdk/design_920106840429_wrapper_hw_platform_0/system.hdf'.
11:00:52 INFO  : 'configparams force-mem-access 1' command is executed.
11:00:52 INFO  : Context for 'APU' is selected.
11:00:52 INFO  : 'stop' command is executed.
11:00:53 INFO  : 'ps7_init' command is executed.
11:00:56 INFO  : 'ps7_post_config' command is executed.
11:00:56 INFO  : 'targets -set -filter {jtag_cable_name =~ "Digilent Zed 210248773543" && level==0} -index 1' command is executed.
11:00:56 INFO  : Context for processor 'ps7_cortexa9_0' is selected.
11:00:56 INFO  : 'fpga -state' command is executed.
11:00:56 INFO  : Processor reset is completed for 'ps7_cortexa9_0'.
11:00:56 INFO  : Connected to target on host '127.0.0.1' and port '3121'.
11:00:56 INFO  : Context for processor 'ps7_cortexa9_0' is selected.
11:00:56 INFO  : The application 'E:/code/ps7/ps920106840429/ps920106840429.sdk/ps920106840429/Debug/ps920106840429.elf' is downloaded to processor 'ps7_cortexa9_0'.
11:00:56 INFO  : 'configparams force-mem-access 0' command is executed.
11:00:56 INFO  : ----------------XSDB Script----------------
connect -url tcp:127.0.0.1:3121
source E:/code/ps7/ps920106840429/ps920106840429.sdk/design_920106840429_wrapper_hw_platform_0/ps7_init.tcl
targets -set -nocase -filter {name =~"APU*" && jtag_cable_name =~ "Digilent Zed 210248773543"} -index 0
loadhw -hw E:/code/ps7/ps920106840429/ps920106840429.sdk/design_920106840429_wrapper_hw_platform_0/system.hdf -mem-ranges [list {0x40000000 0xbfffffff}]
configparams force-mem-access 1
targets -set -nocase -filter {name =~"APU*" && jtag_cable_name =~ "Digilent Zed 210248773543"} -index 0
stop
ps7_init
ps7_post_config
targets -set -nocase -filter {name =~ "ARM*#0" && jtag_cable_name =~ "Digilent Zed 210248773543"} -index 0
rst -processor
targets -set -nocase -filter {name =~ "ARM*#0" && jtag_cable_name =~ "Digilent Zed 210248773543"} -index 0
dow E:/code/ps7/ps920106840429/ps920106840429.sdk/ps920106840429/Debug/ps920106840429.elf
configparams force-mem-access 0
----------------End of Script----------------

11:00:56 INFO  : Memory regions updated for context APU
11:00:59 INFO  : Context for processor 'ps7_cortexa9_0' is selected.
11:00:59 INFO  : 'con' command is executed.
11:00:59 INFO  : ----------------XSDB Script (After Launch)----------------
targets -set -nocase -filter {name =~ "ARM*#0" && jtag_cable_name =~ "Digilent Zed 210248773543"} -index 0
con
----------------End of Script----------------

11:00:59 INFO  : Launch script is exported to file 'E:\code\ps7\ps920106840429\ps920106840429.sdk\.sdk\launch_scripts\xilinx_c-c++_application_(system_debugger)\system_debugger_using_debug_ps920106840429.elf_on_local.tcl'
11:01:15 INFO  : Jtag cable 'Digilent Zed 210248773543' is selected.
11:01:15 INFO  : 'jtag frequency' command is executed.
11:01:15 INFO  : Sourcing of 'E:/code/ps7/ps920106840429/ps920106840429.sdk/design_920106840429_wrapper_hw_platform_0/ps7_init.tcl' is done.
11:01:15 INFO  : Context for 'APU' is selected.
11:01:15 INFO  : Hardware design information is loaded from 'E:/code/ps7/ps920106840429/ps920106840429.sdk/design_920106840429_wrapper_hw_platform_0/system.hdf'.
11:01:15 INFO  : 'configparams force-mem-access 1' command is executed.
11:01:15 INFO  : Context for 'APU' is selected.
11:01:15 INFO  : 'stop' command is executed.
11:01:15 INFO  : 'ps7_init' command is executed.
11:01:15 INFO  : 'ps7_post_config' command is executed.
11:01:15 INFO  : Context for processor 'ps7_cortexa9_0' is selected.
11:01:15 INFO  : Processor reset is completed for 'ps7_cortexa9_0'.
11:01:15 INFO  : Context for processor 'ps7_cortexa9_0' is selected.
11:01:15 INFO  : The application 'E:/code/ps7/ps920106840429/ps920106840429.sdk/ps920106840429/Debug/ps920106840429.elf' is downloaded to processor 'ps7_cortexa9_0'.
11:01:15 INFO  : 'configparams force-mem-access 0' command is executed.
11:01:15 INFO  : ----------------XSDB Script----------------
connect -url tcp:127.0.0.1:3121
source E:/code/ps7/ps920106840429/ps920106840429.sdk/design_920106840429_wrapper_hw_platform_0/ps7_init.tcl
targets -set -nocase -filter {name =~"APU*" && jtag_cable_name =~ "Digilent Zed 210248773543"} -index 0
loadhw -hw E:/code/ps7/ps920106840429/ps920106840429.sdk/design_920106840429_wrapper_hw_platform_0/system.hdf -mem-ranges [list {0x40000000 0xbfffffff}]
configparams force-mem-access 1
targets -set -nocase -filter {name =~"APU*" && jtag_cable_name =~ "Digilent Zed 210248773543"} -index 0
stop
ps7_init
ps7_post_config
targets -set -nocase -filter {name =~ "ARM*#0" && jtag_cable_name =~ "Digilent Zed 210248773543"} -index 0
rst -processor
targets -set -nocase -filter {name =~ "ARM*#0" && jtag_cable_name =~ "Digilent Zed 210248773543"} -index 0
dow E:/code/ps7/ps920106840429/ps920106840429.sdk/ps920106840429/Debug/ps920106840429.elf
configparams force-mem-access 0
----------------End of Script----------------

11:01:15 INFO  : Memory regions updated for context APU
11:01:15 INFO  : Context for processor 'ps7_cortexa9_0' is selected.
11:01:15 INFO  : 'con' command is executed.
11:01:15 INFO  : ----------------XSDB Script (After Launch)----------------
targets -set -nocase -filter {name =~ "ARM*#0" && jtag_cable_name =~ "Digilent Zed 210248773543"} -index 0
con
----------------End of Script----------------

11:01:15 INFO  : Launch script is exported to file 'E:\code\ps7\ps920106840429\ps920106840429.sdk\.sdk\launch_scripts\xilinx_c-c++_application_(system_debugger)\system_debugger_using_debug_ps920106840429.elf_on_local.tcl'
11:07:02 INFO  : Disconnected from the channel tcfchan#2.
11:07:06 INFO  : 'targets -set -filter {jtag_cable_name =~ "Digilent Zed 210248773543" && level==0} -index 1' command is executed.
11:07:06 INFO  : 'fpga -state' command is executed.
11:07:06 INFO  : Connected to target on host '127.0.0.1' and port '3121'.
11:07:24 INFO  : Jtag cable 'Digilent Zed 210248773543' is selected.
11:07:24 INFO  : 'jtag frequency' command is executed.
11:07:24 INFO  : Sourcing of 'E:/code/ps7/ps920106840429/ps920106840429.sdk/design_920106840429_wrapper_hw_platform_0/ps7_init.tcl' is done.
11:07:24 INFO  : Context for 'APU' is selected.
11:07:26 INFO  : Hardware design information is loaded from 'E:/code/ps7/ps920106840429/ps920106840429.sdk/design_920106840429_wrapper_hw_platform_0/system.hdf'.
11:07:26 INFO  : 'configparams force-mem-access 1' command is executed.
11:07:26 INFO  : Context for 'APU' is selected.
11:07:26 INFO  : 'stop' command is executed.
11:07:26 INFO  : 'ps7_init' command is executed.
11:07:26 INFO  : 'ps7_post_config' command is executed.
11:07:27 INFO  : Context for processor 'ps7_cortexa9_0' is selected.
11:07:27 INFO  : Processor reset is completed for 'ps7_cortexa9_0'.
11:07:27 INFO  : Context for processor 'ps7_cortexa9_0' is selected.
11:07:27 INFO  : The application 'E:/code/ps7/ps920106840429/ps920106840429.sdk/ps920106840429/Debug/ps920106840429.elf' is downloaded to processor 'ps7_cortexa9_0'.
11:07:27 INFO  : 'configparams force-mem-access 0' command is executed.
11:07:27 INFO  : ----------------XSDB Script----------------
connect -url tcp:127.0.0.1:3121
source E:/code/ps7/ps920106840429/ps920106840429.sdk/design_920106840429_wrapper_hw_platform_0/ps7_init.tcl
targets -set -nocase -filter {name =~"APU*" && jtag_cable_name =~ "Digilent Zed 210248773543"} -index 0
loadhw -hw E:/code/ps7/ps920106840429/ps920106840429.sdk/design_920106840429_wrapper_hw_platform_0/system.hdf -mem-ranges [list {0x40000000 0xbfffffff}]
configparams force-mem-access 1
targets -set -nocase -filter {name =~"APU*" && jtag_cable_name =~ "Digilent Zed 210248773543"} -index 0
stop
ps7_init
ps7_post_config
targets -set -nocase -filter {name =~ "ARM*#0" && jtag_cable_name =~ "Digilent Zed 210248773543"} -index 0
rst -processor
targets -set -nocase -filter {name =~ "ARM*#0" && jtag_cable_name =~ "Digilent Zed 210248773543"} -index 0
dow E:/code/ps7/ps920106840429/ps920106840429.sdk/ps920106840429/Debug/ps920106840429.elf
configparams force-mem-access 0
----------------End of Script----------------

11:07:27 INFO  : Memory regions updated for context APU
11:07:27 INFO  : Context for processor 'ps7_cortexa9_0' is selected.
11:07:27 INFO  : 'con' command is executed.
11:07:27 INFO  : ----------------XSDB Script (After Launch)----------------
targets -set -nocase -filter {name =~ "ARM*#0" && jtag_cable_name =~ "Digilent Zed 210248773543"} -index 0
con
----------------End of Script----------------

11:07:27 INFO  : Launch script is exported to file 'E:\code\ps7\ps920106840429\ps920106840429.sdk\.sdk\launch_scripts\xilinx_c-c++_application_(system_debugger)\system_debugger_using_debug_ps920106840429.elf_on_local.tcl'
11:08:03 INFO  : Disconnected from the channel tcfchan#3.
11:08:07 INFO  : 'targets -set -filter {jtag_cable_name =~ "Digilent Zed 210248773543" && level==0} -index 1' command is executed.
11:08:07 INFO  : 'fpga -state' command is executed.
11:08:07 INFO  : Connected to target on host '127.0.0.1' and port '3121'.
11:08:26 INFO  : Jtag cable 'Digilent Zed 210248773543' is selected.
11:08:26 INFO  : 'jtag frequency' command is executed.
11:08:26 INFO  : Sourcing of 'E:/code/ps7/ps920106840429/ps920106840429.sdk/design_920106840429_wrapper_hw_platform_0/ps7_init.tcl' is done.
11:08:26 INFO  : Context for 'APU' is selected.
11:08:27 INFO  : Hardware design information is loaded from 'E:/code/ps7/ps920106840429/ps920106840429.sdk/design_920106840429_wrapper_hw_platform_0/system.hdf'.
11:08:27 INFO  : 'configparams force-mem-access 1' command is executed.
11:08:27 INFO  : Context for 'APU' is selected.
11:08:27 INFO  : 'stop' command is executed.
11:08:27 INFO  : 'ps7_init' command is executed.
11:08:27 INFO  : 'ps7_post_config' command is executed.
11:08:27 INFO  : Context for processor 'ps7_cortexa9_0' is selected.
11:08:27 INFO  : Processor reset is completed for 'ps7_cortexa9_0'.
11:08:27 INFO  : Context for processor 'ps7_cortexa9_0' is selected.
11:08:28 INFO  : The application 'E:/code/ps7/ps920106840429/ps920106840429.sdk/ps920106840429/Debug/ps920106840429.elf' is downloaded to processor 'ps7_cortexa9_0'.
11:08:28 INFO  : 'configparams force-mem-access 0' command is executed.
11:08:28 INFO  : ----------------XSDB Script----------------
connect -url tcp:127.0.0.1:3121
source E:/code/ps7/ps920106840429/ps920106840429.sdk/design_920106840429_wrapper_hw_platform_0/ps7_init.tcl
targets -set -nocase -filter {name =~"APU*" && jtag_cable_name =~ "Digilent Zed 210248773543"} -index 0
loadhw -hw E:/code/ps7/ps920106840429/ps920106840429.sdk/design_920106840429_wrapper_hw_platform_0/system.hdf -mem-ranges [list {0x40000000 0xbfffffff}]
configparams force-mem-access 1
targets -set -nocase -filter {name =~"APU*" && jtag_cable_name =~ "Digilent Zed 210248773543"} -index 0
stop
ps7_init
ps7_post_config
targets -set -nocase -filter {name =~ "ARM*#0" && jtag_cable_name =~ "Digilent Zed 210248773543"} -index 0
rst -processor
targets -set -nocase -filter {name =~ "ARM*#0" && jtag_cable_name =~ "Digilent Zed 210248773543"} -index 0
dow E:/code/ps7/ps920106840429/ps920106840429.sdk/ps920106840429/Debug/ps920106840429.elf
configparams force-mem-access 0
----------------End of Script----------------

11:08:28 INFO  : Memory regions updated for context APU
11:08:28 INFO  : Context for processor 'ps7_cortexa9_0' is selected.
11:08:28 INFO  : 'con' command is executed.
11:08:28 INFO  : ----------------XSDB Script (After Launch)----------------
targets -set -nocase -filter {name =~ "ARM*#0" && jtag_cable_name =~ "Digilent Zed 210248773543"} -index 0
con
----------------End of Script----------------

11:08:28 INFO  : Launch script is exported to file 'E:\code\ps7\ps920106840429\ps920106840429.sdk\.sdk\launch_scripts\xilinx_c-c++_application_(system_debugger)\system_debugger_using_debug_ps920106840429.elf_on_local.tcl'
11:10:04 INFO  : Disconnected from the channel tcfchan#4.
11:10:08 INFO  : 'targets -set -filter {jtag_cable_name =~ "Digilent Zed 210248773543" && level==0} -index 1' command is executed.
11:10:08 INFO  : 'fpga -state' command is executed.
11:10:08 INFO  : Connected to target on host '127.0.0.1' and port '3121'.
11:10:27 INFO  : Jtag cable 'Digilent Zed 210248773543' is selected.
11:10:27 INFO  : 'jtag frequency' command is executed.
11:10:27 INFO  : Sourcing of 'E:/code/ps7/ps920106840429/ps920106840429.sdk/design_920106840429_wrapper_hw_platform_0/ps7_init.tcl' is done.
11:10:27 INFO  : Context for 'APU' is selected.
11:10:29 INFO  : Hardware design information is loaded from 'E:/code/ps7/ps920106840429/ps920106840429.sdk/design_920106840429_wrapper_hw_platform_0/system.hdf'.
11:10:29 INFO  : 'configparams force-mem-access 1' command is executed.
11:10:29 INFO  : Context for 'APU' is selected.
11:10:29 INFO  : 'stop' command is executed.
11:10:29 INFO  : 'ps7_init' command is executed.
11:10:29 INFO  : 'ps7_post_config' command is executed.
11:10:29 INFO  : Context for processor 'ps7_cortexa9_0' is selected.
11:10:29 INFO  : Processor reset is completed for 'ps7_cortexa9_0'.
11:10:29 INFO  : Context for processor 'ps7_cortexa9_0' is selected.
11:10:29 INFO  : The application 'E:/code/ps7/ps920106840429/ps920106840429.sdk/ps920106840429/Debug/ps920106840429.elf' is downloaded to processor 'ps7_cortexa9_0'.
11:10:29 INFO  : 'configparams force-mem-access 0' command is executed.
11:10:29 INFO  : ----------------XSDB Script----------------
connect -url tcp:127.0.0.1:3121
source E:/code/ps7/ps920106840429/ps920106840429.sdk/design_920106840429_wrapper_hw_platform_0/ps7_init.tcl
targets -set -nocase -filter {name =~"APU*" && jtag_cable_name =~ "Digilent Zed 210248773543"} -index 0
loadhw -hw E:/code/ps7/ps920106840429/ps920106840429.sdk/design_920106840429_wrapper_hw_platform_0/system.hdf -mem-ranges [list {0x40000000 0xbfffffff}]
configparams force-mem-access 1
targets -set -nocase -filter {name =~"APU*" && jtag_cable_name =~ "Digilent Zed 210248773543"} -index 0
stop
ps7_init
ps7_post_config
targets -set -nocase -filter {name =~ "ARM*#0" && jtag_cable_name =~ "Digilent Zed 210248773543"} -index 0
rst -processor
targets -set -nocase -filter {name =~ "ARM*#0" && jtag_cable_name =~ "Digilent Zed 210248773543"} -index 0
dow E:/code/ps7/ps920106840429/ps920106840429.sdk/ps920106840429/Debug/ps920106840429.elf
configparams force-mem-access 0
----------------End of Script----------------

11:10:29 INFO  : Memory regions updated for context APU
11:10:29 INFO  : Context for processor 'ps7_cortexa9_0' is selected.
11:10:29 INFO  : 'con' command is executed.
11:10:29 INFO  : ----------------XSDB Script (After Launch)----------------
targets -set -nocase -filter {name =~ "ARM*#0" && jtag_cable_name =~ "Digilent Zed 210248773543"} -index 0
con
----------------End of Script----------------

11:10:29 INFO  : Launch script is exported to file 'E:\code\ps7\ps920106840429\ps920106840429.sdk\.sdk\launch_scripts\xilinx_c-c++_application_(system_debugger)\system_debugger_using_debug_ps920106840429.elf_on_local.tcl'
11:13:50 INFO  : Disconnected from the channel tcfchan#5.
11:13:54 INFO  : 'targets -set -filter {jtag_cable_name =~ "Digilent Zed 210248773543" && level==0} -index 1' command is executed.
11:13:54 INFO  : 'fpga -state' command is executed.
11:13:54 INFO  : Connected to target on host '127.0.0.1' and port '3121'.
11:14:12 INFO  : Jtag cable 'Digilent Zed 210248773543' is selected.
11:14:12 INFO  : 'jtag frequency' command is executed.
11:14:12 INFO  : Sourcing of 'E:/code/ps7/ps920106840429/ps920106840429.sdk/design_920106840429_wrapper_hw_platform_0/ps7_init.tcl' is done.
11:14:12 INFO  : Context for 'APU' is selected.
11:14:14 INFO  : Hardware design information is loaded from 'E:/code/ps7/ps920106840429/ps920106840429.sdk/design_920106840429_wrapper_hw_platform_0/system.hdf'.
11:14:14 INFO  : 'configparams force-mem-access 1' command is executed.
11:14:14 INFO  : Context for 'APU' is selected.
11:14:14 INFO  : 'stop' command is executed.
11:14:14 INFO  : 'ps7_init' command is executed.
11:14:14 INFO  : 'ps7_post_config' command is executed.
11:14:14 INFO  : Context for processor 'ps7_cortexa9_0' is selected.
11:14:14 INFO  : Processor reset is completed for 'ps7_cortexa9_0'.
11:14:14 INFO  : Context for processor 'ps7_cortexa9_0' is selected.
11:14:15 INFO  : The application 'E:/code/ps7/ps920106840429/ps920106840429.sdk/ps920106840429/Debug/ps920106840429.elf' is downloaded to processor 'ps7_cortexa9_0'.
11:14:15 INFO  : 'configparams force-mem-access 0' command is executed.
11:14:15 INFO  : ----------------XSDB Script----------------
connect -url tcp:127.0.0.1:3121
source E:/code/ps7/ps920106840429/ps920106840429.sdk/design_920106840429_wrapper_hw_platform_0/ps7_init.tcl
targets -set -nocase -filter {name =~"APU*" && jtag_cable_name =~ "Digilent Zed 210248773543"} -index 0
loadhw -hw E:/code/ps7/ps920106840429/ps920106840429.sdk/design_920106840429_wrapper_hw_platform_0/system.hdf -mem-ranges [list {0x40000000 0xbfffffff}]
configparams force-mem-access 1
targets -set -nocase -filter {name =~"APU*" && jtag_cable_name =~ "Digilent Zed 210248773543"} -index 0
stop
ps7_init
ps7_post_config
targets -set -nocase -filter {name =~ "ARM*#0" && jtag_cable_name =~ "Digilent Zed 210248773543"} -index 0
rst -processor
targets -set -nocase -filter {name =~ "ARM*#0" && jtag_cable_name =~ "Digilent Zed 210248773543"} -index 0
dow E:/code/ps7/ps920106840429/ps920106840429.sdk/ps920106840429/Debug/ps920106840429.elf
configparams force-mem-access 0
----------------End of Script----------------

11:14:15 INFO  : Memory regions updated for context APU
11:14:15 INFO  : Context for processor 'ps7_cortexa9_0' is selected.
11:14:15 INFO  : 'con' command is executed.
11:14:15 INFO  : ----------------XSDB Script (After Launch)----------------
targets -set -nocase -filter {name =~ "ARM*#0" && jtag_cable_name =~ "Digilent Zed 210248773543"} -index 0
con
----------------End of Script----------------

11:14:15 INFO  : Launch script is exported to file 'E:\code\ps7\ps920106840429\ps920106840429.sdk\.sdk\launch_scripts\xilinx_c-c++_application_(system_debugger)\system_debugger_using_debug_ps920106840429.elf_on_local.tcl'
11:17:46 INFO  : Disconnected from the channel tcfchan#6.
22:26:57 INFO  : Registering command handlers for SDK TCF services
22:26:58 INFO  : Launching XSCT server: xsct.bat -interactive D:\code\workspace_vivado\ps7\ps920106840429\ps920106840429.sdk\temp_xsdb_launch_script.tcl
22:27:01 INFO  : XSCT server has started successfully.
22:27:04 INFO  : Successfully done setting XSCT server connection channel  
22:27:04 INFO  : Successfully done setting SDK workspace  
22:27:04 INFO  : Processing command line option -hwspec D:/code/workspace_vivado/ps7/ps920106840429/ps920106840429.sdk/design_920106840429_wrapper.hdf.
14:49:00 INFO  : Registering command handlers for SDK TCF services
14:49:01 INFO  : Launching XSCT server: xsct.bat -interactive D:\code\workspace_vivado\ps7\ps920106840429\ps920106840429.sdk\temp_xsdb_launch_script.tcl
14:49:04 INFO  : XSCT server has started successfully.
14:49:07 INFO  : Successfully done setting XSCT server connection channel  
14:49:07 INFO  : Successfully done setting SDK workspace  
14:49:07 INFO  : Processing command line option -hwspec D:/code/workspace_vivado/ps7/ps920106840429/ps920106840429.sdk/design_920106840429_wrapper.hdf.
14:49:07 INFO  : Checking for hwspec changes in the project design_920106840429_wrapper_hw_platform_1.
14:06:24 INFO  : Registering command handlers for SDK TCF services
14:06:25 INFO  : Launching XSCT server: xsct.bat -interactive D:\code\workspace_vivado\ps7\ps920106840429\ps920106840429.sdk\temp_xsdb_launch_script.tcl
14:06:27 INFO  : XSCT server has started successfully.
14:06:30 INFO  : Successfully done setting XSCT server connection channel  
14:06:30 INFO  : Successfully done setting SDK workspace  
14:06:30 INFO  : Processing command line option -hwspec D:/code/workspace_vivado/ps7/ps920106840429/ps920106840429.sdk/design_920106840429_wrapper.hdf.
14:06:30 INFO  : Checking for hwspec changes in the project design_920106840429_wrapper_hw_platform_1.
